<?xml version="1.0" encoding="UTF-8"?>
<testng-results ignored="0" total="3" passed="3" failed="0" skipped="0">
  <reporter-output>
    <line>
      <![CDATA[aadvik]]>
    </line>
    <line>
      <![CDATA[aadvik]]>
    </line>
    <line>
      <![CDATA[aadvik]]>
    </line>
  </reporter-output>
  <suite started-at="2022-12-20T19:29:21 IST" name="Suite" finished-at="2022-12-20T19:29:22 IST" duration-ms="50">
    <groups>
    </groups>
    <test started-at="2022-12-20T19:29:21 IST" name="Test" finished-at="2022-12-20T19:29:22 IST" duration-ms="50">
      <class name="scripting.Test3">
        <test-method signature="tc1()[pri:0, instance:scripting.Test3@15bbf42f]" started-at="2022-12-20T19:29:22 IST" name="tc1" finished-at="2022-12-20T19:29:22 IST" duration-ms="2" status="PASS">
          <reporter-output>
            <line>
              <![CDATA[aadvik]]>
            </line>
          </reporter-output>
        </test-method> <!-- tc1 -->
      </class> <!-- scripting.Test3 -->
      <class name="scripting.Test2">
        <test-method signature="tc1()[pri:0, instance:scripting.Test2@29e495ff]" started-at="2022-12-20T19:29:22 IST" name="tc1" finished-at="2022-12-20T19:29:22 IST" duration-ms="10" status="PASS">
          <reporter-output>
            <line>
              <![CDATA[aadvik]]>
            </line>
          </reporter-output>
        </test-method> <!-- tc1 -->
      </class> <!-- scripting.Test2 -->
      <class name="scripting.Test1">
        <test-method signature="tc1()[pri:0, instance:scripting.Test1@2dde1bff]" started-at="2022-12-20T19:29:22 IST" name="tc1" finished-at="2022-12-20T19:29:22 IST" duration-ms="1" status="PASS">
          <reporter-output>
            <line>
              <![CDATA[aadvik]]>
            </line>
          </reporter-output>
        </test-method> <!-- tc1 -->
      </class> <!-- scripting.Test1 -->
    </test> <!-- Test -->
  </suite> <!-- Suite -->
</testng-results>
